<?xml version='1.0' encoding='UTF-8'?>
<!DOCTYPE beans PUBLIC '-//SPRING//DTD BEAN//EN' 'http://www.springframework.org/dtd/spring-beans.dtd'>

<beans>


   <bean id="schedulerFactory" class="org.springframework.scheduling.quartz.SchedulerFactoryBean">
      <property name="waitForJobsToCompleteOnShutdown">
         <value>true</value>
      </property>
      <property name="schedulerFactoryClass">
         <value>org.alfresco.repo.scheduler.AlfrescoSchedulerFactory</value>
      </property>
      <property name="jobFactory">
         <bean class="org.alfresco.repo.scheduler.AlfrescoJobFactory" />
      </property>
      <property name="quartzProperties">
         <ref bean="schedulerProperties" />
      </property>
      <property name="schedulerName">
         <value>DefaultScheduler</value>
      </property>
      <!-- Do not auto start the scheduler - this is done at the end of the bootstrap process -->
      <property name="autoStartup">
         <value>false</value>
      </property>
   </bean>

</beans>
